12:24:54 **** Rebuild of configuration Debug for project CShape ****
Info: Internal Builder is used for build
g++ "-ID:\\Libraries\\googletestlib\\include" "-ID:\\Libraries\\boost_1_61_0" -O0 -g3 -Wall -c -fmessage-length=0 -o CShape_test.o "..\\CShape_test.cpp" 
g++ "-ID:\\Libraries\\googletestlib\\include" "-ID:\\Libraries\\boost_1_61_0" -O0 -g3 -Wall -c -fmessage-length=0 -o "src\\CShape.o" "..\\src\\CShape.cpp" 
g++ "-LD:\\Libraries\\googletestlib\\make" -o CShape.exe CShape_test.o "src\\CShape.o" -lgtest 
Info: Nothing to build for CShape
12:27:01 **** Incremental Build of configuration Debug for project CShape ****
Info: Internal Builder is used for build
g++ "-ID:\\Libraries\\googletestlib\\include" "-ID:\\Libraries\\boost_1_61_0" -O0 -g3 -Wall -c -fmessage-length=0 -o CShape_test.o "..\\CShape_test.cpp" 
In file included from ..\CShape_test.cpp:11:0:
..\CShape_test.cpp: In member function 'virtual void Boost_FOR_EACH_Test::TestBody()':
..\CShape_test.cpp:34:20: warning: variable 'k' set but not used [-Wunused-but-set-variable]
  BOOST_FOREACH(int k, tab)
                    ^
D:\Libraries\boost_1_61_0/boost/foreach.hpp:1107:14: note: in definition of macro 'BOOST_FOREACH'
         for (VAR = BOOST_FOREACH_DEREF(COL); !BOOST_FOREACH_ID(_foreach_continue); BOOST_FOREACH_ID(_foreach_continue) = true)
              ^
g++ "-LD:\\Libraries\\googletestlib\\make" -o CShape.exe CShape_test.o "src\\CShape.o" -lgtest 
12:27:45 **** Incremental Build of configuration Debug for project CShape ****
Info: Internal Builder is used for build
g++ "-ID:\\Libraries\\googletestlib\\include" "-ID:\\Libraries\\boost_1_61_0" -O0 -g3 -Wall -c -fmessage-length=0 -o CShape_test.o "..\\CShape_test.cpp" 
g++ "-LD:\\Libraries\\googletestlib\\make" -o CShape.exe CShape_test.o "src\\CShape.o" -lgtest 
